<?xml version="1.0" encoding="UTF-8"?>
<robot generator="Robot 4.1.2 (Python 3.10.0 on win32)" generated="20211110 12:42:21.943" rpa="false" schemaversion="2">
<suite id="s1" name="TC002" source="C:\Users\Compu Fire\Desktop\SCRIPTS ROBOT\robot-sonda-sd\robot-sonda-sd\robot-sonda-bo\TC002.robot">
<test id="s1-t1" name="Catalogos-SecuenciasDeDocumentos">
<kw name="Login">
<kw name="Open Browser" library="SeleniumLibrary">
<arg>http://52.149.161.64:8091</arg>
<arg>chrome</arg>
<doc>Opens a new browser instance to the optional ``url``.</doc>
<msg timestamp="20211110 12:42:22.317" level="INFO">Opening browser 'chrome' to base url 'http://52.149.161.64:8091'.</msg>
<status status="PASS" starttime="20211110 12:42:22.317" endtime="20211110 12:42:25.197"/>
</kw>
<kw name="Maximize Browser Window" library="SeleniumLibrary">
<doc>Maximizes current browser window.</doc>
<status status="PASS" starttime="20211110 12:42:25.198" endtime="20211110 12:42:25.561"/>
</kw>
<kw name="Input Text" library="SeleniumLibrary">
<arg>name=UiCalllbackPanel$txtUsuario</arg>
<arg>admin@cendalza</arg>
<doc>Types the given ``text`` into the text field identified by ``locator``.</doc>
<msg timestamp="20211110 12:42:25.562" level="INFO">Typing text 'admin@cendalza' into text field 'name=UiCalllbackPanel$txtUsuario'.</msg>
<status status="PASS" starttime="20211110 12:42:25.562" endtime="20211110 12:42:25.681"/>
</kw>
<kw name="Input Text" library="SeleniumLibrary">
<arg>name=UiCalllbackPanel$txtPass</arg>
<arg>1237710</arg>
<doc>Types the given ``text`` into the text field identified by ``locator``.</doc>
<msg timestamp="20211110 12:42:25.682" level="INFO">Typing text '1237710' into text field 'name=UiCalllbackPanel$txtPass'.</msg>
<status status="PASS" starttime="20211110 12:42:25.682" endtime="20211110 12:42:25.787"/>
</kw>
<kw name="Press Keys" library="SeleniumLibrary">
<arg>name=UiCalllbackPanel$txtPass</arg>
<arg>ENTER</arg>
<doc>Simulates the user pressing key(s) to an element or on the active browser.</doc>
<msg timestamp="20211110 12:42:25.788" level="INFO">Sending key(s) ('ENTER',) to name=UiCalllbackPanel$txtPass element.</msg>
<msg timestamp="20211110 12:42:26.062" level="INFO">Pressing special key ENTER to element.</msg>
<msg timestamp="20211110 12:42:26.062" level="INFO">Releasing special key ENTER.</msg>
<status status="PASS" starttime="20211110 12:42:25.788" endtime="20211110 12:42:26.081"/>
</kw>
<kw name="Sleep" library="BuiltIn">
<arg>2</arg>
<doc>Pauses the test executed for the given time.</doc>
<msg timestamp="20211110 12:42:28.081" level="INFO">Slept 2 seconds</msg>
<status status="PASS" starttime="20211110 12:42:26.081" endtime="20211110 12:42:28.081"/>
</kw>
<kw name="Click Element" library="SeleniumLibrary">
<arg>xpath=/html/body/form/div[5]/div/div[2]/div/table/tbody/tr[2]/td[1]/div</arg>
<doc>Click the element identified by ``locator``.</doc>
<msg timestamp="20211110 12:42:28.082" level="INFO">Clicking element 'xpath=/html/body/form/div[5]/div/div[2]/div/table/tbody/tr[2]/td[1]/div'.</msg>
<status status="PASS" starttime="20211110 12:42:28.081" endtime="20211110 12:42:28.159"/>
</kw>
<kw name="Sleep" library="BuiltIn">
<arg>5</arg>
<doc>Pauses the test executed for the given time.</doc>
<msg timestamp="20211110 12:42:33.169" level="INFO">Slept 5 seconds</msg>
<status status="PASS" starttime="20211110 12:42:28.159" endtime="20211110 12:42:33.169"/>
</kw>
<kw name="Click Element" library="SeleniumLibrary">
<arg>xpath=/html/body/form/div[3]/table/tbody/tr/td[1]/div/table/tbody/tr[2]/td/div/div/div/ul/li/span</arg>
<doc>Click the element identified by ``locator``.</doc>
<msg timestamp="20211110 12:42:33.170" level="INFO">Clicking element 'xpath=/html/body/form/div[3]/table/tbody/tr/td[1]/div/table/tbody/tr[2]/td/div/div/div/ul/li/span'.</msg>
<status status="PASS" starttime="20211110 12:42:33.169" endtime="20211110 12:42:33.249"/>
</kw>
<status status="PASS" starttime="20211110 12:42:22.316" endtime="20211110 12:42:33.249"/>
</kw>
<kw name="Sleep" library="BuiltIn">
<arg>2</arg>
<doc>Pauses the test executed for the given time.</doc>
<msg timestamp="20211110 12:42:35.265" level="INFO">Slept 2 seconds</msg>
<status status="PASS" starttime="20211110 12:42:33.250" endtime="20211110 12:42:35.265"/>
</kw>
<kw name="Click Element" library="SeleniumLibrary">
<arg>xpath=//*[@id="ASPxSplitter1_ASPxSplitter2_ASPxTreeView1_CD"]/ul/li/ul/li[1]/span/img</arg>
<doc>Click the element identified by ``locator``.</doc>
<msg timestamp="20211110 12:42:35.268" level="INFO">Clicking element 'xpath=//*[@id="ASPxSplitter1_ASPxSplitter2_ASPxTreeView1_CD"]/ul/li/ul/li[1]/span/img'.</msg>
<status status="PASS" starttime="20211110 12:42:35.268" endtime="20211110 12:42:35.322"/>
</kw>
<kw name="Sleep" library="BuiltIn">
<arg>5</arg>
<doc>Pauses the test executed for the given time.</doc>
<msg timestamp="20211110 12:42:40.332" level="INFO">Slept 5 seconds</msg>
<status status="PASS" starttime="20211110 12:42:35.323" endtime="20211110 12:42:40.332"/>
</kw>
<kw name="Click Element" library="SeleniumLibrary">
<arg>xpath=//*[@id="ASPxSplitter1_ASPxSplitter2_ASPxTreeView1_N0_0_11"]</arg>
<doc>Click the element identified by ``locator``.</doc>
<msg timestamp="20211110 12:42:40.334" level="INFO">Clicking element 'xpath=//*[@id="ASPxSplitter1_ASPxSplitter2_ASPxTreeView1_N0_0_11"]'.</msg>
<status status="PASS" starttime="20211110 12:42:40.334" endtime="20211110 12:42:40.400"/>
</kw>
<kw name="Select Frame" library="SeleniumLibrary">
<arg>xpath=//*[@id="ASPxSplitter1_ASPxSplitter3_1_CC"]</arg>
<doc>Sets frame identified by ``locator`` as the current frame.</doc>
<msg timestamp="20211110 12:42:40.401" level="INFO">Selecting frame 'xpath=//*[@id="ASPxSplitter1_ASPxSplitter3_1_CC"]'.</msg>
<status status="PASS" starttime="20211110 12:42:40.401" endtime="20211110 12:42:42.137"/>
</kw>
<kw name="Sleep" library="BuiltIn">
<arg>5</arg>
<doc>Pauses the test executed for the given time.</doc>
<msg timestamp="20211110 12:42:47.142" level="INFO">Slept 5 seconds</msg>
<status status="PASS" starttime="20211110 12:42:42.139" endtime="20211110 12:42:47.142"/>
</kw>
<kw name="Input Text" library="SeleniumLibrary">
<arg>xpath=//*[@id="split_UiVistaSecuenciaDocumentos_DXFREditorcol0_I"]</arg>
<arg>11111</arg>
<doc>Types the given ``text`` into the text field identified by ``locator``.</doc>
<msg timestamp="20211110 12:42:47.144" level="INFO">Typing text '11111' into text field 'xpath=//*[@id="split_UiVistaSecuenciaDocumentos_DXFREditorcol0_I"]'.</msg>
<status status="PASS" starttime="20211110 12:42:47.144" endtime="20211110 12:42:47.271"/>
</kw>
<kw name="Sleep" library="BuiltIn">
<arg>5</arg>
<doc>Pauses the test executed for the given time.</doc>
<msg timestamp="20211110 12:42:52.274" level="INFO">Slept 5 seconds</msg>
<status status="PASS" starttime="20211110 12:42:47.271" endtime="20211110 12:42:52.274"/>
</kw>
<kw name="Click Element" library="SeleniumLibrary">
<arg>xpath=//*[@id="split_UiVistaSecuenciaDocumentos_DXDataRow0"]/td[2]</arg>
<doc>Click the element identified by ``locator``.</doc>
<msg timestamp="20211110 12:42:52.276" level="INFO">Clicking element 'xpath=//*[@id="split_UiVistaSecuenciaDocumentos_DXDataRow0"]/td[2]'.</msg>
<status status="PASS" starttime="20211110 12:42:52.276" endtime="20211110 12:42:52.384"/>
</kw>
<kw name="Sleep" library="BuiltIn">
<arg>5</arg>
<doc>Pauses the test executed for the given time.</doc>
<msg timestamp="20211110 12:42:57.387" level="INFO">Slept 5 seconds</msg>
<status status="PASS" starttime="20211110 12:42:52.385" endtime="20211110 12:42:57.387"/>
</kw>
<kw name="Click Element" library="SeleniumLibrary">
<arg>xpath=//*[@id="split_frmLytDet_menOpciones_DXI1_T"]</arg>
<doc>Click the element identified by ``locator``.</doc>
<msg timestamp="20211110 12:42:57.389" level="INFO">Clicking element 'xpath=//*[@id="split_frmLytDet_menOpciones_DXI1_T"]'.</msg>
<status status="PASS" starttime="20211110 12:42:57.389" endtime="20211110 12:42:57.503"/>
</kw>
<kw name="Sleep" library="BuiltIn">
<arg>2</arg>
<doc>Pauses the test executed for the given time.</doc>
<msg timestamp="20211110 12:42:59.519" level="INFO">Slept 2 seconds</msg>
<status status="PASS" starttime="20211110 12:42:57.504" endtime="20211110 12:42:59.519"/>
</kw>
<kw name="Click Element" library="SeleniumLibrary">
<arg>xpath=//*[@id="UIPopConfirmarBorrarSecuenciaDocumento_btnDeletePoftFolioOK_CD"]</arg>
<doc>Click the element identified by ``locator``.</doc>
<msg timestamp="20211110 12:42:59.524" level="INFO">Clicking element 'xpath=//*[@id="UIPopConfirmarBorrarSecuenciaDocumento_btnDeletePoftFolioOK_CD"]'.</msg>
<status status="PASS" starttime="20211110 12:42:59.524" endtime="20211110 12:42:59.621"/>
</kw>
<tag>secuenciasDoc</tag>
<status status="PASS" starttime="20211110 12:42:22.316" endtime="20211110 12:42:59.622"/>
</test>
<status status="PASS" starttime="20211110 12:42:21.945" endtime="20211110 12:42:59.624"/>
</suite>
<statistics>
<total>
<stat pass="1" fail="0" skip="0">All Tests</stat>
</total>
<tag>
<stat pass="1" fail="0" skip="0">secuenciasDoc</stat>
</tag>
<suite>
<stat pass="1" fail="0" skip="0" id="s1" name="TC002">TC002</stat>
</suite>
</statistics>
<errors>
</errors>
</robot>
